<?xml version="1.0" encoding="UTF-8"?>
<robot generator="Robot 6.1.1 (Python 3.11.4 on win32)" generated="20230829 15:43:37.041" rpa="false" schemaversion="4">
<suite id="s1" name="pythonProject" source="C:\Users\Seema J\PycharmProjects\pythonProject">
<suite id="s1-s1" name="Automation" source="C:\Users\Seema J\PycharmProjects\pythonProject\Automation">
<suite id="s1-s1-s1" name="WorkingWithBrowser" source="C:\Users\Seema J\PycharmProjects\pythonProject\Automation\WorkingWithBrowser.Robot">
<test id="s1-s1-s1-t1" name="To demontstrate browser operation" line="7">
<kw name="Open Browser" library="SeleniumLibrary">
<arg>http://google.com</arg>
<arg>chrome</arg>
<arg>alias=ChromeRCV</arg>
<doc>Opens a new browser instance to the optional ``url``.</doc>
<msg timestamp="20230829 15:43:37.415" level="INFO">Opening browser 'chrome' to base url 'http://google.com'.</msg>
<status status="PASS" starttime="20230829 15:43:37.414" endtime="20230829 15:43:43.743"/>
</kw>
<kw name="Open Browser" library="SeleniumLibrary">
<arg>about:blank</arg>
<arg>firefox</arg>
<arg>alias=RCVFF</arg>
<doc>Opens a new browser instance to the optional ``url``.</doc>
<msg timestamp="20230829 15:43:43.744" level="INFO">Opening browser 'firefox' to base url 'about:blank'.</msg>
<status status="PASS" starttime="20230829 15:43:43.743" endtime="20230829 15:43:55.797"/>
</kw>
<kw name="Get Browser Ids" library="SeleniumLibrary">
<var>@{browser_id}</var>
<doc>Returns index of all active browser as list.</doc>
<msg timestamp="20230829 15:43:55.798" level="INFO">@{browser_id} = [ 1 | 2 ]</msg>
<status status="PASS" starttime="20230829 15:43:55.798" endtime="20230829 15:43:55.798"/>
</kw>
<kw name="Switch Browser" library="SeleniumLibrary">
<arg>${browser_id}[1]</arg>
<doc>Switches between active browsers using ``index_or_alias``.</doc>
<status status="PASS" starttime="20230829 15:43:55.799" endtime="20230829 15:43:55.799"/>
</kw>
<kw name="Log" library="BuiltIn">
<arg>${browser_id}[1]</arg>
<doc>Logs the given message with the given level.</doc>
<msg timestamp="20230829 15:43:55.800" level="INFO">2</msg>
<status status="PASS" starttime="20230829 15:43:55.800" endtime="20230829 15:43:55.800"/>
</kw>
<kw name="Sleep" library="BuiltIn">
<arg>5seconds</arg>
<doc>Pauses the test executed for the given time.</doc>
<msg timestamp="20230829 15:44:00.801" level="INFO">Slept 5 seconds</msg>
<status status="PASS" starttime="20230829 15:43:55.801" endtime="20230829 15:44:00.801"/>
</kw>
<kw name="Maximize Browser Window" library="SeleniumLibrary">
<doc>Maximizes current browser window.</doc>
<status status="PASS" starttime="20230829 15:44:00.802" endtime="20230829 15:44:00.808"/>
</kw>
<kw name="Go To" library="SeleniumLibrary">
<arg>https://www.mewatch.sg/</arg>
<doc>Navigates the current browser window to the provided ``url``.</doc>
<msg timestamp="20230829 15:44:00.809" level="INFO">Opening url 'https://www.mewatch.sg/'</msg>
<status status="PASS" starttime="20230829 15:44:00.809" endtime="20230829 15:44:36.826"/>
</kw>
<doc>Perform Action on browser</doc>
<status status="PASS" starttime="20230829 15:43:37.413" endtime="20230829 15:44:36.827"/>
</test>
<status status="PASS" starttime="20230829 15:43:37.077" endtime="20230829 15:44:36.831"/>
</suite>
<status status="PASS" starttime="20230829 15:43:37.075" endtime="20230829 15:44:36.838"/>
</suite>
<status status="PASS" starttime="20230829 15:43:37.044" endtime="20230829 15:44:36.842"/>
</suite>
<statistics>
<total>
<stat pass="1" fail="0" skip="0">All Tests</stat>
</total>
<tag>
</tag>
<suite>
<stat pass="1" fail="0" skip="0" id="s1" name="pythonProject">pythonProject</stat>
<stat pass="1" fail="0" skip="0" id="s1-s1" name="Automation">pythonProject.Automation</stat>
<stat pass="1" fail="0" skip="0" id="s1-s1-s1" name="WorkingWithBrowser">pythonProject.Automation.WorkingWithBrowser</stat>
</suite>
</statistics>
<errors>
</errors>
</robot>
