<?xml version="1.0" encoding="UTF-8"?>
<robot generator="Robot 6.1.1 (Python 3.11.4 on win32)" generated="20230824 14:55:32.040" rpa="false" schemaversion="4">
<suite id="s1" name="BasicSearch" source="C:\Users\Seema J\PycharmProjects\pythonProject\Tests\eBay\BasicSearch.robot">
<test id="s1-t1" name="Verify the search functionality" line="8">
<kw name="Open Browser" library="SeleniumLibrary">
<arg>https://www.ebay.com/</arg>
<arg>chrome</arg>
<doc>Opens a new browser instance to the optional ``url``.</doc>
<msg timestamp="20230824 14:55:34.437" level="INFO">Opening browser 'chrome' to base url 'https://www.ebay.com/'.</msg>
<status status="PASS" starttime="20230824 14:55:34.436" endtime="20230824 14:55:49.926"/>
</kw>
<kw name="Input Text" library="SeleniumLibrary">
<arg>//input[@type='text']</arg>
<arg>mobile</arg>
<doc>Types the given ``text`` into the text field identified by ``locator``.</doc>
<msg timestamp="20230824 14:55:49.928" level="INFO">Typing text 'mobile' into text field '//input[@type='text']'.</msg>
<status status="PASS" starttime="20230824 14:55:49.927" endtime="20230824 14:55:51.157"/>
</kw>
<kw name="Click Element" library="SeleniumLibrary">
<arg>//input[@type='submit']</arg>
<doc>Click the element identified by ``locator``.</doc>
<msg timestamp="20230824 14:55:51.159" level="INFO">Clicking element '//input[@type='submit']'.</msg>
<status status="PASS" starttime="20230824 14:55:51.158" endtime="20230824 14:55:55.090"/>
</kw>
<kw name="Page Should Contain" library="SeleniumLibrary">
<arg>results for mobile</arg>
<doc>Verifies that current page contains ``text``.</doc>
<msg timestamp="20230824 14:55:55.135" level="INFO">Current page contains text 'results for mobile'.</msg>
<status status="PASS" starttime="20230824 14:55:55.090" endtime="20230824 14:55:55.136"/>
</kw>
<kw name="Close Browser" library="SeleniumLibrary">
<doc>Closes the current browser.</doc>
<status status="PASS" starttime="20230824 14:55:55.137" endtime="20230824 14:55:57.515"/>
</kw>
<doc>This test case verify the search functionality</doc>
<tag>Functional</tag>
<status status="PASS" starttime="20230824 14:55:34.435" endtime="20230824 14:55:57.517"/>
</test>
<doc>search functionality</doc>
<status status="PASS" starttime="20230824 14:55:32.054" endtime="20230824 14:55:57.522"/>
</suite>
<statistics>
<total>
<stat pass="1" fail="0" skip="0">All Tests</stat>
</total>
<tag>
<stat pass="1" fail="0" skip="0">Functional</stat>
</tag>
<suite>
<stat pass="1" fail="0" skip="0" id="s1" name="BasicSearch">BasicSearch</stat>
</suite>
</statistics>
<errors>
</errors>
</robot>
